# JRE version: Java(TM) SE Runtime Environment (8.0_92-b14) (build 1.8.0_92-b14)
# Java VM: Java HotSpot(TM) 64-Bit Server VM (25.92-b14 mixed mode bsd-amd64 compressed oops)
Heap:
 PSYoungGen      total 252416K, used 115041K [0x00000007aab00000, 0x00000007bd980000, 0x00000007c0000000)
  eden space 211456K, 35% used [0x00000007aab00000,0x00000007af35b2f8,0x00000007b7980000)
  from space 40960K, 99% used [0x00000007b9980000,0x00000007bc17d190,0x00000007bc180000)
  to   space 24576K, 0% used [0x00000007bc180000,0x00000007bc180000,0x00000007bd980000)
 ParOldGen       total 138240K, used 66522K [0x0000000780000000, 0x0000000788700000, 0x00000007aab00000)
  object space 138240K, 48% used [0x0000000780000000,0x00000007840f69b0,0x0000000788700000)
 Metaspace       used 6412K, capacity 7192K, committed 7424K, reserved 1056768K
  class space    used 615K, capacity 656K, committed 768K, reserved 1048576K
GC Heap History (10 events):
Event: 20.208 GC heap before
{Heap before GC invocations=6 (full 0):
 PSYoungGen      total 71680K, used 71674K [0x00000007aab00000, 0x00000007b6400000, 0x00000007c0000000)
  eden space 66560K, 100% used [0x00000007aab00000,0x00000007aec00000,0x00000007aec00000)
  from space 5120K, 99% used [0x00000007aec00000,0x00000007af0fea98,0x00000007af100000)
  to   space 28160K, 0% used [0x00000007b4880000,0x00000007b4880000,0x00000007b6400000)
 ParOldGen       total 87552K, used 52811K [0x0000000780000000, 0x0000000785580000, 0x00000007aab00000)
  object space 87552K, 60% used [0x0000000780000000,0x0000000783392e48,0x0000000785580000)
 Metaspace       used 6082K, capacity 7000K, committed 7168K, reserved 1056768K
  class space    used 613K, capacity 656K, committed 768K, reserved 1048576K
Event: 20.697 GC heap after
Heap after GC invocations=6 (full 0):
 PSYoungGen      total 158720K, used 24001K [0x00000007aab00000, 0x00000007b6900000, 0x00000007c0000000)
  eden space 130560K, 0% used [0x00000007aab00000,0x00000007aab00000,0x00000007b2a80000)
  from space 28160K, 85% used [0x00000007b4880000,0x00000007b5ff0620,0x00000007b6400000)
  to   space 30720K, 0% used [0x00000007b2a80000,0x00000007b2a80000,0x00000007b4880000)
 ParOldGen       total 87552K, used 52811K [0x0000000780000000, 0x0000000785580000, 0x00000007aab00000)
  object space 87552K, 60% used [0x0000000780000000,0x0000000783392e48,0x0000000785580000)
 Metaspace       used 6082K, capacity 7000K, committed 7168K, reserved 1056768K
  class space    used 613K, capacity 656K, committed 768K, reserved 1048576K
}
Event: 25.200 GC heap before
{Heap before GC invocations=7 (full 0):
 PSYoungGen      total 158720K, used 154561K [0x00000007aab00000, 0x00000007b6900000, 0x00000007c0000000)
  eden space 130560K, 100% used [0x00000007aab00000,0x00000007b2a80000,0x00000007b2a80000)
  from space 28160K, 85% used [0x00000007b4880000,0x00000007b5ff0620,0x00000007b6400000)
  to   space 30720K, 0% used [0x00000007b2a80000,0x00000007b2a80000,0x00000007b4880000)
 ParOldGen       total 87552K, used 52811K [0x0000000780000000, 0x0000000785580000, 0x00000007aab00000)
  object space 87552K, 60% used [0x0000000780000000,0x0000000783392e48,0x0000000785580000)
 Metaspace       used 6202K, capacity 7128K, committed 7424K, reserved 1056768K
  class space    used 614K, capacity 656K, committed 768K, reserved 1048576K
Event: 25.925 GC heap after
Heap after GC invocations=7 (full 0):
 PSYoungGen      total 161280K, used 30692K [0x00000007aab00000, 0x00000007bff00000, 0x00000007c0000000)
  eden space 130560K, 0% used [0x00000007aab00000,0x00000007aab00000,0x00000007b2a80000)
  from space 30720K, 99% used [0x00000007b2a80000,0x00000007b4879020,0x00000007b4880000)
  to   space 43520K, 0% used [0x00000007bd480000,0x00000007bd480000,0x00000007bff00000)
 ParOldGen       total 87552K, used 68252K [0x0000000780000000, 0x0000000785580000, 0x00000007aab00000)
  object space 87552K, 77% used [0x0000000780000000,0x00000007842a70a0,0x0000000785580000)
 Metaspace       used 6202K, capacity 7128K, committed 7424K, reserved 1056768K
  class space    used 614K, capacity 656K, committed 768K, reserved 1048576K
}
Event: 25.925 GC heap before
{Heap before GC invocations=8 (full 1):
 PSYoungGen      total 161280K, used 30692K [0x00000007aab00000, 0x00000007bff00000, 0x00000007c0000000)
  eden space 130560K, 0% used [0x00000007aab00000,0x00000007aab00000,0x00000007b2a80000)
  from space 30720K, 99% used [0x00000007b2a80000,0x00000007b4879020,0x00000007b4880000)
  to   space 43520K, 0% used [0x00000007bd480000,0x00000007bd480000,0x00000007bff00000)
 ParOldGen       total 87552K, used 68252K [0x0000000780000000, 0x0000000785580000, 0x00000007aab00000)
  object space 87552K, 77% used [0x0000000780000000,0x00000007842a70a0,0x0000000785580000)
 Metaspace       used 6202K, capacity 7128K, committed 7424K, reserved 1056768K
  class space    used 614K, capacity 656K, committed 768K, reserved 1048576K
Event: 30.257 GC heap after
Heap after GC invocations=8 (full 1):
 PSYoungGen      total 161280K, used 0K [0x00000007aab00000, 0x00000007bff00000, 0x00000007c0000000)
  eden space 130560K, 0% used [0x00000007aab00000,0x00000007aab00000,0x00000007b2a80000)
  from space 30720K, 0% used [0x00000007b2a80000,0x00000007b2a80000,0x00000007b4880000)
  to   space 43520K, 0% used [0x00000007bd480000,0x00000007bd480000,0x00000007bff00000)
 ParOldGen       total 138240K, used 61115K [0x0000000780000000, 0x0000000788700000, 0x00000007aab00000)
  object space 138240K, 44% used [0x0000000780000000,0x0000000783baed50,0x0000000788700000)
 Metaspace       used 6202K, capacity 7128K, committed 7424K, reserved 1056768K
  class space    used 614K, capacity 656K, committed 768K, reserved 1048576K
}
Event: 34.177 GC heap before
{Heap before GC invocations=9 (full 1):
 PSYoungGen      total 161280K, used 130560K [0x00000007aab00000, 0x00000007bff00000, 0x00000007c0000000)
  eden space 130560K, 100% used [0x00000007aab00000,0x00000007b2a80000,0x00000007b2a80000)
  from space 30720K, 0% used [0x00000007b2a80000,0x00000007b2a80000,0x00000007b4880000)
  to   space 43520K, 0% used [0x00000007bd480000,0x00000007bd480000,0x00000007bff00000)
 ParOldGen       total 138240K, used 61115K [0x0000000780000000, 0x0000000788700000, 0x00000007aab00000)
  object space 138240K, 44% used [0x0000000780000000,0x0000000783baed50,0x0000000788700000)
 Metaspace       used 6307K, capacity 7192K, committed 7424K, reserved 1056768K
  class space    used 614K, capacity 656K, committed 768K, reserved 1048576K
Event: 34.334 GC heap after
Heap after GC invocations=9 (full 1):
 PSYoungGen      total 195584K, used 21170K [0x00000007aab00000, 0x00000007be980000, 0x00000007c0000000)
  eden space 174080K, 0% used [0x00000007aab00000,0x00000007aab00000,0x00000007b5500000)
  from space 21504K, 98% used [0x00000007bd480000,0x00000007be92cac8,0x00000007be980000)
  to   space 40960K, 0% used [0x00000007b9980000,0x00000007b9980000,0x00000007bc180000)
 ParOldGen       total 138240K, used 61123K [0x0000000780000000, 0x0000000788700000, 0x00000007aab00000)
  object space 138240K, 44% used [0x0000000780000000,0x0000000783bb0d50,0x0000000788700000)
 Metaspace       used 6307K, capacity 7192K, committed 7424K, reserved 1056768K
  class space    used 614K, capacity 656K, committed 768K, reserved 1048576K
}
Event: 43.422 GC heap before
{Heap before GC invocations=10 (full 1):
 PSYoungGen      total 195584K, used 195250K [0x00000007aab00000, 0x00000007be980000, 0x00000007c0000000)
  eden space 174080K, 100% used [0x00000007aab00000,0x00000007b5500000,0x00000007b5500000)
  from space 21504K, 98% used [0x00000007bd480000,0x00000007be92cac8,0x00000007be980000)
  to   space 40960K, 0% used [0x00000007b9980000,0x00000007b9980000,0x00000007bc180000)
 ParOldGen       total 138240K, used 61123K [0x0000000780000000, 0x0000000788700000, 0x00000007aab00000)
  object space 138240K, 44% used [0x0000000780000000,0x0000000783bb0d50,0x0000000788700000)
 Metaspace       used 6402K, capacity 7192K, committed 7424K, reserved 1056768K
  class space    used 615K, capacity 656K, committed 768K, reserved 1048576K
Event: 44.452 GC heap after
Heap after GC invocations=10 (full 1):
 PSYoungGen      total 252416K, used 40948K [0x00000007aab00000, 0x00000007bd980000, 0x00000007c0000000)
  eden space 211456K, 0% used [0x00000007aab00000,0x00000007aab00000,0x00000007b7980000)
  from space 40960K, 99% used [0x00000007b9980000,0x00000007bc17d190,0x00000007bc180000)
  to   space 24576K, 0% used [0x00000007bc180000,0x00000007bc180000,0x00000007bd980000)
 ParOldGen       total 138240K, used 66522K [0x0000000780000000, 0x0000000788700000, 0x00000007aab00000)
  object space 138240K, 48% used [0x0000000780000000,0x00000007840f69b0,0x0000000788700000)
 Metaspace       used 6402K, capacity 7192K, committed 7424K, reserved 1056768K
  class space    used 615K, capacity 656K, committed 768K, reserved 1048576K
}

